{"C:\\fullfile\\fulltry\\pro\\Backend\\server.js": {"path":"C:\\fullfile\\fulltry\\pro\\Backend\\server.js","statementMap":{"0":{"start":{"line":1,"column":16},"end":{"line":1,"column":34}},"1":{"start":{"line":2,"column":17},"end":{"line":2,"column":36}},"2":{"start":{"line":3,"column":13},"end":{"line":3,"column":28}},"3":{"start":{"line":4,"column":15},"end":{"line":4,"column":32}},"4":{"start":{"line":5,"column":15},"end":{"line":5,"column":32}},"5":{"start":{"line":8,"column":0},"end":{"line":8,"column":16}},"6":{"start":{"line":11,"column":12},"end":{"line":11,"column":21}},"7":{"start":{"line":14,"column":0},"end":{"line":14,"column":16}},"8":{"start":{"line":15,"column":0},"end":{"line":15,"column":24}},"9":{"start":{"line":16,"column":0},"end":{"line":16,"column":23}},"10":{"start":{"line":19,"column":19},"end":{"line":19,"column":43}},"11":{"start":{"line":20,"column":19},"end":{"line":20,"column":44}},"12":{"start":{"line":21,"column":23},"end":{"line":21,"column":51}},"13":{"start":{"line":22,"column":21},"end":{"line":22,"column":48}},"14":{"start":{"line":23,"column":29},"end":{"line":23,"column":64}},"15":{"start":{"line":26,"column":0},"end":{"line":26,"column":34}},"16":{"start":{"line":27,"column":0},"end":{"line":27,"column":33}},"17":{"start":{"line":28,"column":0},"end":{"line":28,"column":41}},"18":{"start":{"line":29,"column":0},"end":{"line":29,"column":38}},"19":{"start":{"line":30,"column":0},"end":{"line":30,"column":54}},"20":{"start":{"line":33,"column":18},"end":{"line":45,"column":1}},"21":{"start":{"line":34,"column":2},"end":{"line":44,"column":3}},"22":{"start":{"line":35,"column":16},"end":{"line":35,"column":79}},"23":{"start":{"line":36,"column":4},"end":{"line":39,"column":7}},"24":{"start":{"line":40,"column":4},"end":{"line":40,"column":50}},"25":{"start":{"line":42,"column":4},"end":{"line":42,"column":54}},"26":{"start":{"line":43,"column":4},"end":{"line":43,"column":20}},"27":{"start":{"line":48,"column":0},"end":{"line":56,"column":1}},"28":{"start":{"line":49,"column":2},"end":{"line":49,"column":14}},"29":{"start":{"line":52,"column":15},"end":{"line":52,"column":39}},"30":{"start":{"line":53,"column":2},"end":{"line":55,"column":5}},"31":{"start":{"line":54,"column":4},"end":{"line":54,"column":50}},"32":{"start":{"line":58,"column":0},"end":{"line":58,"column":21}}},"fnMap":{"0":{"name":"(anonymous_0)","decl":{"start":{"line":33,"column":18},"end":{"line":33,"column":19}},"loc":{"start":{"line":33,"column":30},"end":{"line":45,"column":1}},"line":33},"1":{"name":"(anonymous_1)","decl":{"start":{"line":53,"column":19},"end":{"line":53,"column":20}},"loc":{"start":{"line":53,"column":25},"end":{"line":55,"column":3}},"line":53}},"branchMap":{"0":{"loc":{"start":{"line":35,"column":16},"end":{"line":35,"column":79}},"type":"binary-expr","locations":[{"start":{"line":35,"column":16},"end":{"line":35,"column":39}},{"start":{"line":35,"column":43},"end":{"line":35,"column":79}}],"line":35},"1":{"loc":{"start":{"line":48,"column":0},"end":{"line":56,"column":1}},"type":"if","locations":[{"start":{"line":48,"column":0},"end":{"line":56,"column":1}},{"start":{},"end":{}}],"line":48},"2":{"loc":{"start":{"line":52,"column":15},"end":{"line":52,"column":39}},"type":"binary-expr","locations":[{"start":{"line":52,"column":15},"end":{"line":52,"column":31}},{"start":{"line":52,"column":35},"end":{"line":52,"column":39}}],"line":52}},"s":{"0":1,"1":1,"2":1,"3":1,"4":1,"5":1,"6":1,"7":1,"8":1,"9":1,"10":1,"11":1,"12":1,"13":1,"14":1,"15":1,"16":1,"17":1,"18":1,"19":1,"20":1,"21":0,"22":0,"23":0,"24":0,"25":0,"26":0,"27":1,"28":0,"29":0,"30":0,"31":0,"32":1},"f":{"0":0,"1":0},"b":{"0":[0,0],"1":[0,1],"2":[0,0]},"_coverageSchema":"1a1c01bbd47fc00a2c39e90264f33305004495a9","hash":"6843a5485c5ef6f1a3e5519e68aaac0d3e751543"}
,"C:\\fullfile\\fulltry\\pro\\Backend\\controllers\\authController.js": {"path":"C:\\fullfile\\fulltry\\pro\\Backend\\controllers\\authController.js","statementMap":{"0":{"start":{"line":1,"column":13},"end":{"line":1,"column":38}},"1":{"start":{"line":2,"column":12},"end":{"line":2,"column":35}},"2":{"start":{"line":3,"column":29},"end":{"line":3,"column":57}},"3":{"start":{"line":6,"column":22},"end":{"line":10,"column":1}},"4":{"start":{"line":7,"column":2},"end":{"line":9,"column":5}},"5":{"start":{"line":15,"column":0},"end":{"line":54,"column":2}},"6":{"start":{"line":16,"column":2},"end":{"line":53,"column":3}},"7":{"start":{"line":17,"column":19},"end":{"line":17,"column":40}},"8":{"start":{"line":18,"column":4},"end":{"line":20,"column":5}},"9":{"start":{"line":19,"column":6},"end":{"line":19,"column":62}},"10":{"start":{"line":22,"column":38},"end":{"line":22,"column":46}},"11":{"start":{"line":25,"column":15},"end":{"line":25,"column":44}},"12":{"start":{"line":26,"column":4},"end":{"line":28,"column":5}},"13":{"start":{"line":27,"column":6},"end":{"line":27,"column":70}},"14":{"start":{"line":31,"column":4},"end":{"line":35,"column":7}},"15":{"start":{"line":37,"column":4},"end":{"line":37,"column":22}},"16":{"start":{"line":40,"column":18},"end":{"line":40,"column":41}},"17":{"start":{"line":42,"column":4},"end":{"line":49,"column":7}},"18":{"start":{"line":51,"column":4},"end":{"line":51,"column":25}},"19":{"start":{"line":52,"column":4},"end":{"line":52,"column":54}},"20":{"start":{"line":59,"column":0},"end":{"line":94,"column":2}},"21":{"start":{"line":60,"column":2},"end":{"line":93,"column":3}},"22":{"start":{"line":61,"column":32},"end":{"line":61,"column":40}},"23":{"start":{"line":64,"column":17},"end":{"line":64,"column":46}},"24":{"start":{"line":65,"column":4},"end":{"line":67,"column":5}},"25":{"start":{"line":66,"column":6},"end":{"line":66,"column":70}},"26":{"start":{"line":70,"column":20},"end":{"line":70,"column":56}},"27":{"start":{"line":71,"column":4},"end":{"line":73,"column":5}},"28":{"start":{"line":72,"column":6},"end":{"line":72,"column":70}},"29":{"start":{"line":76,"column":4},"end":{"line":76,"column":32}},"30":{"start":{"line":77,"column":4},"end":{"line":77,"column":22}},"31":{"start":{"line":80,"column":18},"end":{"line":80,"column":41}},"32":{"start":{"line":82,"column":4},"end":{"line":89,"column":7}},"33":{"start":{"line":91,"column":4},"end":{"line":91,"column":25}},"34":{"start":{"line":92,"column":4},"end":{"line":92,"column":54}},"35":{"start":{"line":99,"column":0},"end":{"line":107,"column":2}},"36":{"start":{"line":100,"column":2},"end":{"line":106,"column":3}},"37":{"start":{"line":101,"column":17},"end":{"line":101,"column":69}},"38":{"start":{"line":102,"column":4},"end":{"line":102,"column":19}},"39":{"start":{"line":104,"column":4},"end":{"line":104,"column":25}},"40":{"start":{"line":105,"column":4},"end":{"line":105,"column":54}},"41":{"start":{"line":112,"column":0},"end":{"line":141,"column":2}},"42":{"start":{"line":113,"column":2},"end":{"line":140,"column":3}},"43":{"start":{"line":114,"column":61},"end":{"line":114,"column":69}},"44":{"start":{"line":116,"column":17},"end":{"line":116,"column":49}},"45":{"start":{"line":117,"column":4},"end":{"line":119,"column":5}},"46":{"start":{"line":118,"column":6},"end":{"line":118,"column":65}},"47":{"start":{"line":122,"column":4},"end":{"line":122,"column":31}},"48":{"start":{"line":122,"column":14},"end":{"line":122,"column":31}},"49":{"start":{"line":123,"column":4},"end":{"line":123,"column":67}},"50":{"start":{"line":123,"column":26},"end":{"line":123,"column":67}},"51":{"start":{"line":124,"column":4},"end":{"line":124,"column":61}},"52":{"start":{"line":124,"column":24},"end":{"line":124,"column":61}},"53":{"start":{"line":125,"column":4},"end":{"line":125,"column":31}},"54":{"start":{"line":125,"column":14},"end":{"line":125,"column":31}},"55":{"start":{"line":127,"column":4},"end":{"line":127,"column":22}},"56":{"start":{"line":129,"column":4},"end":{"line":136,"column":7}},"57":{"start":{"line":138,"column":4},"end":{"line":138,"column":25}},"58":{"start":{"line":139,"column":4},"end":{"line":139,"column":54}}},"fnMap":{"0":{"name":"(anonymous_0)","decl":{"start":{"line":6,"column":22},"end":{"line":6,"column":23}},"loc":{"start":{"line":6,"column":34},"end":{"line":10,"column":1}},"line":6},"1":{"name":"(anonymous_1)","decl":{"start":{"line":15,"column":19},"end":{"line":15,"column":20}},"loc":{"start":{"line":15,"column":39},"end":{"line":54,"column":1}},"line":15},"2":{"name":"(anonymous_2)","decl":{"start":{"line":59,"column":16},"end":{"line":59,"column":17}},"loc":{"start":{"line":59,"column":36},"end":{"line":94,"column":1}},"line":59},"3":{"name":"(anonymous_3)","decl":{"start":{"line":99,"column":16},"end":{"line":99,"column":17}},"loc":{"start":{"line":99,"column":36},"end":{"line":107,"column":1}},"line":99},"4":{"name":"(anonymous_4)","decl":{"start":{"line":112,"column":24},"end":{"line":112,"column":25}},"loc":{"start":{"line":112,"column":44},"end":{"line":141,"column":1}},"line":112}},"branchMap":{"0":{"loc":{"start":{"line":18,"column":4},"end":{"line":20,"column":5}},"type":"if","locations":[{"start":{"line":18,"column":4},"end":{"line":20,"column":5}},{"start":{},"end":{}}],"line":18},"1":{"loc":{"start":{"line":26,"column":4},"end":{"line":28,"column":5}},"type":"if","locations":[{"start":{"line":26,"column":4},"end":{"line":28,"column":5}},{"start":{},"end":{}}],"line":26},"2":{"loc":{"start":{"line":65,"column":4},"end":{"line":67,"column":5}},"type":"if","locations":[{"start":{"line":65,"column":4},"end":{"line":67,"column":5}},{"start":{},"end":{}}],"line":65},"3":{"loc":{"start":{"line":71,"column":4},"end":{"line":73,"column":5}},"type":"if","locations":[{"start":{"line":71,"column":4},"end":{"line":73,"column":5}},{"start":{},"end":{}}],"line":71},"4":{"loc":{"start":{"line":117,"column":4},"end":{"line":119,"column":5}},"type":"if","locations":[{"start":{"line":117,"column":4},"end":{"line":119,"column":5}},{"start":{},"end":{}}],"line":117},"5":{"loc":{"start":{"line":122,"column":4},"end":{"line":122,"column":31}},"type":"if","locations":[{"start":{"line":122,"column":4},"end":{"line":122,"column":31}},{"start":{},"end":{}}],"line":122},"6":{"loc":{"start":{"line":123,"column":4},"end":{"line":123,"column":67}},"type":"if","locations":[{"start":{"line":123,"column":4},"end":{"line":123,"column":67}},{"start":{},"end":{}}],"line":123},"7":{"loc":{"start":{"line":124,"column":4},"end":{"line":124,"column":61}},"type":"if","locations":[{"start":{"line":124,"column":4},"end":{"line":124,"column":61}},{"start":{},"end":{}}],"line":124},"8":{"loc":{"start":{"line":125,"column":4},"end":{"line":125,"column":31}},"type":"if","locations":[{"start":{"line":125,"column":4},"end":{"line":125,"column":31}},{"start":{},"end":{}}],"line":125}},"s":{"0":1,"1":1,"2":1,"3":1,"4":0,"5":1,"6":0,"7":0,"8":0,"9":0,"10":0,"11":0,"12":0,"13":0,"14":0,"15":0,"16":0,"17":0,"18":0,"19":0,"20":1,"21":0,"22":0,"23":0,"24":0,"25":0,"26":0,"27":0,"28":0,"29":0,"30":0,"31":0,"32":0,"33":0,"34":0,"35":1,"36":0,"37":0,"38":0,"39":0,"40":0,"41":1,"42":0,"43":0,"44":0,"45":0,"46":0,"47":0,"48":0,"49":0,"50":0,"51":0,"52":0,"53":0,"54":0,"55":0,"56":0,"57":0,"58":0},"f":{"0":0,"1":0,"2":0,"3":0,"4":0},"b":{"0":[0,0],"1":[0,0],"2":[0,0],"3":[0,0],"4":[0,0],"5":[0,0],"6":[0,0],"7":[0,0],"8":[0,0]},"_coverageSchema":"1a1c01bbd47fc00a2c39e90264f33305004495a9","hash":"92c62055fc2b4e4b513faf5a1b4f6ff9f696b686"}
,"C:\\fullfile\\fulltry\\pro\\Backend\\controllers\\clothingController.js": {"path":"C:\\fullfile\\fulltry\\pro\\Backend\\controllers\\clothingController.js","statementMap":{"0":{"start":{"line":1,"column":29},"end":{"line":1,"column":57}},"1":{"start":{"line":2,"column":17},"end":{"line":2,"column":46}},"2":{"start":{"line":7,"column":0},"end":{"line":16,"column":2}},"3":{"start":{"line":8,"column":2},"end":{"line":15,"column":3}},"4":{"start":{"line":9,"column":21},"end":{"line":10,"column":24}},"5":{"start":{"line":11,"column":4},"end":{"line":11,"column":23}},"6":{"start":{"line":13,"column":4},"end":{"line":13,"column":31}},"7":{"start":{"line":14,"column":4},"end":{"line":14,"column":41}},"8":{"start":{"line":21,"column":0},"end":{"line":43,"column":2}},"9":{"start":{"line":22,"column":2},"end":{"line":42,"column":3}},"10":{"start":{"line":23,"column":21},"end":{"line":23,"column":59}},"11":{"start":{"line":26,"column":4},"end":{"line":28,"column":5}},"12":{"start":{"line":27,"column":6},"end":{"line":27,"column":70}},"13":{"start":{"line":31,"column":4},"end":{"line":33,"column":5}},"14":{"start":{"line":32,"column":6},"end":{"line":32,"column":61}},"15":{"start":{"line":35,"column":4},"end":{"line":35,"column":23}},"16":{"start":{"line":37,"column":4},"end":{"line":37,"column":31}},"17":{"start":{"line":38,"column":4},"end":{"line":40,"column":5}},"18":{"start":{"line":39,"column":6},"end":{"line":39,"column":70}},"19":{"start":{"line":41,"column":4},"end":{"line":41,"column":41}},"20":{"start":{"line":48,"column":0},"end":{"line":88,"column":2}},"21":{"start":{"line":49,"column":2},"end":{"line":87,"column":3}},"22":{"start":{"line":50,"column":19},"end":{"line":50,"column":40}},"23":{"start":{"line":51,"column":4},"end":{"line":53,"column":5}},"24":{"start":{"line":52,"column":6},"end":{"line":52,"column":62}},"25":{"start":{"line":66,"column":8},"end":{"line":66,"column":16}},"26":{"start":{"line":68,"column":24},"end":{"line":80,"column":6}},"27":{"start":{"line":82,"column":21},"end":{"line":82,"column":45}},"28":{"start":{"line":83,"column":4},"end":{"line":83,"column":23}},"29":{"start":{"line":85,"column":4},"end":{"line":85,"column":31}},"30":{"start":{"line":86,"column":4},"end":{"line":86,"column":41}},"31":{"start":{"line":93,"column":0},"end":{"line":154,"column":2}},"32":{"start":{"line":94,"column":2},"end":{"line":153,"column":3}},"33":{"start":{"line":95,"column":19},"end":{"line":95,"column":40}},"34":{"start":{"line":96,"column":4},"end":{"line":98,"column":5}},"35":{"start":{"line":97,"column":6},"end":{"line":97,"column":62}},"36":{"start":{"line":112,"column":8},"end":{"line":112,"column":16}},"37":{"start":{"line":115,"column":27},"end":{"line":115,"column":29}},"38":{"start":{"line":116,"column":4},"end":{"line":116,"column":41}},"39":{"start":{"line":116,"column":14},"end":{"line":116,"column":41}},"40":{"start":{"line":117,"column":4},"end":{"line":117,"column":41}},"41":{"start":{"line":117,"column":14},"end":{"line":117,"column":41}},"42":{"start":{"line":118,"column":4},"end":{"line":118,"column":44}},"43":{"start":{"line":118,"column":15},"end":{"line":118,"column":44}},"44":{"start":{"line":119,"column":4},"end":{"line":119,"column":44}},"45":{"start":{"line":119,"column":15},"end":{"line":119,"column":44}},"46":{"start":{"line":120,"column":4},"end":{"line":120,"column":41}},"47":{"start":{"line":120,"column":14},"end":{"line":120,"column":41}},"48":{"start":{"line":121,"column":4},"end":{"line":121,"column":44}},"49":{"start":{"line":121,"column":15},"end":{"line":121,"column":44}},"50":{"start":{"line":122,"column":4},"end":{"line":122,"column":47}},"51":{"start":{"line":122,"column":16},"end":{"line":122,"column":47}},"52":{"start":{"line":123,"column":4},"end":{"line":123,"column":53}},"53":{"start":{"line":123,"column":18},"end":{"line":123,"column":53}},"54":{"start":{"line":124,"column":4},"end":{"line":124,"column":44}},"55":{"start":{"line":124,"column":15},"end":{"line":124,"column":44}},"56":{"start":{"line":125,"column":4},"end":{"line":125,"column":80}},"57":{"start":{"line":125,"column":41},"end":{"line":125,"column":80}},"58":{"start":{"line":126,"column":4},"end":{"line":126,"column":44}},"59":{"start":{"line":126,"column":15},"end":{"line":126,"column":44}},"60":{"start":{"line":128,"column":19},"end":{"line":128,"column":57}},"61":{"start":{"line":131,"column":4},"end":{"line":133,"column":5}},"62":{"start":{"line":132,"column":6},"end":{"line":132,"column":70}},"63":{"start":{"line":136,"column":4},"end":{"line":138,"column":5}},"64":{"start":{"line":137,"column":6},"end":{"line":137,"column":61}},"65":{"start":{"line":140,"column":4},"end":{"line":144,"column":6}},"66":{"start":{"line":146,"column":4},"end":{"line":146,"column":23}},"67":{"start":{"line":148,"column":4},"end":{"line":148,"column":31}},"68":{"start":{"line":149,"column":4},"end":{"line":151,"column":5}},"69":{"start":{"line":150,"column":6},"end":{"line":150,"column":70}},"70":{"start":{"line":152,"column":4},"end":{"line":152,"column":41}},"71":{"start":{"line":159,"column":0},"end":{"line":181,"column":2}},"72":{"start":{"line":160,"column":2},"end":{"line":180,"column":3}},"73":{"start":{"line":161,"column":21},"end":{"line":161,"column":59}},"74":{"start":{"line":163,"column":4},"end":{"line":165,"column":5}},"75":{"start":{"line":164,"column":6},"end":{"line":164,"column":70}},"76":{"start":{"line":168,"column":4},"end":{"line":170,"column":5}},"77":{"start":{"line":169,"column":6},"end":{"line":169,"column":66}},"78":{"start":{"line":172,"column":4},"end":{"line":172,"column":53}},"79":{"start":{"line":173,"column":4},"end":{"line":173,"column":47}},"80":{"start":{"line":175,"column":4},"end":{"line":175,"column":31}},"81":{"start":{"line":176,"column":4},"end":{"line":178,"column":5}},"82":{"start":{"line":177,"column":6},"end":{"line":177,"column":70}},"83":{"start":{"line":179,"column":4},"end":{"line":179,"column":41}},"84":{"start":{"line":186,"column":0},"end":{"line":197,"column":2}},"85":{"start":{"line":187,"column":2},"end":{"line":196,"column":3}},"86":{"start":{"line":188,"column":21},"end":{"line":191,"column":24}},"87":{"start":{"line":192,"column":4},"end":{"line":192,"column":23}},"88":{"start":{"line":194,"column":4},"end":{"line":194,"column":31}},"89":{"start":{"line":195,"column":4},"end":{"line":195,"column":41}},"90":{"start":{"line":202,"column":0},"end":{"line":211,"column":2}},"91":{"start":{"line":203,"column":2},"end":{"line":210,"column":3}},"92":{"start":{"line":204,"column":21},"end":{"line":205,"column":24}},"93":{"start":{"line":206,"column":4},"end":{"line":206,"column":23}},"94":{"start":{"line":208,"column":4},"end":{"line":208,"column":31}},"95":{"start":{"line":209,"column":4},"end":{"line":209,"column":41}}},"fnMap":{"0":{"name":"(anonymous_0)","decl":{"start":{"line":7,"column":22},"end":{"line":7,"column":23}},"loc":{"start":{"line":7,"column":42},"end":{"line":16,"column":1}},"line":7},"1":{"name":"(anonymous_1)","decl":{"start":{"line":21,"column":26},"end":{"line":21,"column":27}},"loc":{"start":{"line":21,"column":46},"end":{"line":43,"column":1}},"line":21},"2":{"name":"(anonymous_2)","decl":{"start":{"line":48,"column":25},"end":{"line":48,"column":26}},"loc":{"start":{"line":48,"column":45},"end":{"line":88,"column":1}},"line":48},"3":{"name":"(anonymous_3)","decl":{"start":{"line":93,"column":25},"end":{"line":93,"column":26}},"loc":{"start":{"line":93,"column":45},"end":{"line":154,"column":1}},"line":93},"4":{"name":"(anonymous_4)","decl":{"start":{"line":159,"column":25},"end":{"line":159,"column":26}},"loc":{"start":{"line":159,"column":45},"end":{"line":181,"column":1}},"line":159},"5":{"name":"(anonymous_5)","decl":{"start":{"line":186,"column":28},"end":{"line":186,"column":29}},"loc":{"start":{"line":186,"column":48},"end":{"line":197,"column":1}},"line":186},"6":{"name":"(anonymous_6)","decl":{"start":{"line":202,"column":23},"end":{"line":202,"column":24}},"loc":{"start":{"line":202,"column":43},"end":{"line":211,"column":1}},"line":202}},"branchMap":{"0":{"loc":{"start":{"line":26,"column":4},"end":{"line":28,"column":5}},"type":"if","locations":[{"start":{"line":26,"column":4},"end":{"line":28,"column":5}},{"start":{},"end":{}}],"line":26},"1":{"loc":{"start":{"line":31,"column":4},"end":{"line":33,"column":5}},"type":"if","locations":[{"start":{"line":31,"column":4},"end":{"line":33,"column":5}},{"start":{},"end":{}}],"line":31},"2":{"loc":{"start":{"line":38,"column":4},"end":{"line":40,"column":5}},"type":"if","locations":[{"start":{"line":38,"column":4},"end":{"line":40,"column":5}},{"start":{},"end":{}}],"line":38},"3":{"loc":{"start":{"line":51,"column":4},"end":{"line":53,"column":5}},"type":"if","locations":[{"start":{"line":51,"column":4},"end":{"line":53,"column":5}},{"start":{},"end":{}}],"line":51},"4":{"loc":{"start":{"line":96,"column":4},"end":{"line":98,"column":5}},"type":"if","locations":[{"start":{"line":96,"column":4},"end":{"line":98,"column":5}},{"start":{},"end":{}}],"line":96},"5":{"loc":{"start":{"line":116,"column":4},"end":{"line":116,"column":41}},"type":"if","locations":[{"start":{"line":116,"column":4},"end":{"line":116,"column":41}},{"start":{},"end":{}}],"line":116},"6":{"loc":{"start":{"line":117,"column":4},"end":{"line":117,"column":41}},"type":"if","locations":[{"start":{"line":117,"column":4},"end":{"line":117,"column":41}},{"start":{},"end":{}}],"line":117},"7":{"loc":{"start":{"line":118,"column":4},"end":{"line":118,"column":44}},"type":"if","locations":[{"start":{"line":118,"column":4},"end":{"line":118,"column":44}},{"start":{},"end":{}}],"line":118},"8":{"loc":{"start":{"line":119,"column":4},"end":{"line":119,"column":44}},"type":"if","locations":[{"start":{"line":119,"column":4},"end":{"line":119,"column":44}},{"start":{},"end":{}}],"line":119},"9":{"loc":{"start":{"line":120,"column":4},"end":{"line":120,"column":41}},"type":"if","locations":[{"start":{"line":120,"column":4},"end":{"line":120,"column":41}},{"start":{},"end":{}}],"line":120},"10":{"loc":{"start":{"line":121,"column":4},"end":{"line":121,"column":44}},"type":"if","locations":[{"start":{"line":121,"column":4},"end":{"line":121,"column":44}},{"start":{},"end":{}}],"line":121},"11":{"loc":{"start":{"line":122,"column":4},"end":{"line":122,"column":47}},"type":"if","locations":[{"start":{"line":122,"column":4},"end":{"line":122,"column":47}},{"start":{},"end":{}}],"line":122},"12":{"loc":{"start":{"line":123,"column":4},"end":{"line":123,"column":53}},"type":"if","locations":[{"start":{"line":123,"column":4},"end":{"line":123,"column":53}},{"start":{},"end":{}}],"line":123},"13":{"loc":{"start":{"line":124,"column":4},"end":{"line":124,"column":44}},"type":"if","locations":[{"start":{"line":124,"column":4},"end":{"line":124,"column":44}},{"start":{},"end":{}}],"line":124},"14":{"loc":{"start":{"line":125,"column":4},"end":{"line":125,"column":80}},"type":"if","locations":[{"start":{"line":125,"column":4},"end":{"line":125,"column":80}},{"start":{},"end":{}}],"line":125},"15":{"loc":{"start":{"line":126,"column":4},"end":{"line":126,"column":44}},"type":"if","locations":[{"start":{"line":126,"column":4},"end":{"line":126,"column":44}},{"start":{},"end":{}}],"line":126},"16":{"loc":{"start":{"line":131,"column":4},"end":{"line":133,"column":5}},"type":"if","locations":[{"start":{"line":131,"column":4},"end":{"line":133,"column":5}},{"start":{},"end":{}}],"line":131},"17":{"loc":{"start":{"line":136,"column":4},"end":{"line":138,"column":5}},"type":"if","locations":[{"start":{"line":136,"column":4},"end":{"line":138,"column":5}},{"start":{},"end":{}}],"line":136},"18":{"loc":{"start":{"line":149,"column":4},"end":{"line":151,"column":5}},"type":"if","locations":[{"start":{"line":149,"column":4},"end":{"line":151,"column":5}},{"start":{},"end":{}}],"line":149},"19":{"loc":{"start":{"line":163,"column":4},"end":{"line":165,"column":5}},"type":"if","locations":[{"start":{"line":163,"column":4},"end":{"line":165,"column":5}},{"start":{},"end":{}}],"line":163},"20":{"loc":{"start":{"line":168,"column":4},"end":{"line":170,"column":5}},"type":"if","locations":[{"start":{"line":168,"column":4},"end":{"line":170,"column":5}},{"start":{},"end":{}}],"line":168},"21":{"loc":{"start":{"line":176,"column":4},"end":{"line":178,"column":5}},"type":"if","locations":[{"start":{"line":176,"column":4},"end":{"line":178,"column":5}},{"start":{},"end":{}}],"line":176}},"s":{"0":1,"1":1,"2":1,"3":1,"4":1,"5":1,"6":0,"7":0,"8":1,"9":2,"10":2,"11":2,"12":1,"13":1,"14":0,"15":1,"16":0,"17":0,"18":0,"19":0,"20":1,"21":2,"22":2,"23":2,"24":1,"25":1,"26":1,"27":1,"28":1,"29":0,"30":0,"31":1,"32":1,"33":1,"34":1,"35":0,"36":1,"37":1,"38":1,"39":1,"40":1,"41":0,"42":1,"43":0,"44":1,"45":0,"46":1,"47":0,"48":1,"49":0,"50":1,"51":0,"52":1,"53":0,"54":1,"55":0,"56":1,"57":1,"58":1,"59":0,"60":1,"61":1,"62":0,"63":1,"64":0,"65":1,"66":1,"67":0,"68":0,"69":0,"70":0,"71":1,"72":1,"73":1,"74":1,"75":0,"76":1,"77":0,"78":1,"79":1,"80":0,"81":0,"82":0,"83":0,"84":1,"85":1,"86":1,"87":1,"88":0,"89":0,"90":1,"91":1,"92":1,"93":1,"94":0,"95":0},"f":{"0":1,"1":2,"2":2,"3":1,"4":1,"5":1,"6":1},"b":{"0":[1,1],"1":[0,1],"2":[0,0],"3":[1,1],"4":[0,1],"5":[1,0],"6":[0,1],"7":[0,1],"8":[0,1],"9":[0,1],"10":[0,1],"11":[0,1],"12":[0,1],"13":[0,1],"14":[1,0],"15":[0,1],"16":[0,1],"17":[0,1],"18":[0,0],"19":[0,1],"20":[0,1],"21":[0,0]},"_coverageSchema":"1a1c01bbd47fc00a2c39e90264f33305004495a9","hash":"0bb0ff6f811916577578b782cbd44ba142f8382c"}
,"C:\\fullfile\\fulltry\\pro\\Backend\\controllers\\recommendationController.js": {"path":"C:\\fullfile\\fulltry\\pro\\Backend\\controllers\\recommendationController.js","statementMap":{"0":{"start":{"line":1,"column":29},"end":{"line":1,"column":57}},"1":{"start":{"line":2,"column":13},"end":{"line":2,"column":38}},"2":{"start":{"line":3,"column":15},"end":{"line":3,"column":42}},"3":{"start":{"line":4,"column":17},"end":{"line":4,"column":46}},"4":{"start":{"line":9,"column":0},"end":{"line":38,"column":2}},"5":{"start":{"line":10,"column":2},"end":{"line":37,"column":3}},"6":{"start":{"line":11,"column":19},"end":{"line":11,"column":40}},"7":{"start":{"line":12,"column":4},"end":{"line":14,"column":5}},"8":{"start":{"line":13,"column":6},"end":{"line":13,"column":62}},"9":{"start":{"line":16,"column":17},"end":{"line":16,"column":49}},"10":{"start":{"line":17,"column":4},"end":{"line":19,"column":5}},"11":{"start":{"line":18,"column":6},"end":{"line":18,"column":61}},"12":{"start":{"line":22,"column":25},"end":{"line":22,"column":67}},"13":{"start":{"line":25,"column":24},"end":{"line":25,"column":46}},"14":{"start":{"line":28,"column":28},"end":{"line":28,"column":68}},"15":{"start":{"line":31,"column":28},"end":{"line":31,"column":95}},"16":{"start":{"line":33,"column":4},"end":{"line":33,"column":30}},"17":{"start":{"line":35,"column":4},"end":{"line":35,"column":31}},"18":{"start":{"line":36,"column":4},"end":{"line":36,"column":41}},"19":{"start":{"line":43,"column":0},"end":{"line":67,"column":2}},"20":{"start":{"line":44,"column":2},"end":{"line":66,"column":3}},"21":{"start":{"line":45,"column":19},"end":{"line":45,"column":40}},"22":{"start":{"line":46,"column":4},"end":{"line":48,"column":5}},"23":{"start":{"line":47,"column":6},"end":{"line":47,"column":62}},"24":{"start":{"line":50,"column":41},"end":{"line":50,"column":49}},"25":{"start":{"line":53,"column":22},"end":{"line":59,"column":6}},"26":{"start":{"line":61,"column":19},"end":{"line":61,"column":41}},"27":{"start":{"line":62,"column":4},"end":{"line":62,"column":21}},"28":{"start":{"line":64,"column":4},"end":{"line":64,"column":31}},"29":{"start":{"line":65,"column":4},"end":{"line":65,"column":41}},"30":{"start":{"line":71,"column":26},"end":{"line":71,"column":28}},"31":{"start":{"line":74,"column":25},"end":{"line":80,"column":8}},"32":{"start":{"line":75,"column":4},"end":{"line":77,"column":5}},"33":{"start":{"line":76,"column":6},"end":{"line":76,"column":26}},"34":{"start":{"line":78,"column":4},"end":{"line":78,"column":30}},"35":{"start":{"line":79,"column":4},"end":{"line":79,"column":15}},"36":{"start":{"line":83,"column":19},"end":{"line":83,"column":46}},"37":{"start":{"line":84,"column":22},"end":{"line":84,"column":52}},"38":{"start":{"line":85,"column":25},"end":{"line":85,"column":58}},"39":{"start":{"line":86,"column":20},"end":{"line":86,"column":49}},"40":{"start":{"line":89,"column":2},"end":{"line":126,"column":3}},"41":{"start":{"line":90,"column":4},"end":{"line":125,"column":5}},"42":{"start":{"line":92,"column":6},"end":{"line":96,"column":7}},"43":{"start":{"line":95,"column":8},"end":{"line":95,"column":17}},"44":{"start":{"line":99,"column":6},"end":{"line":103,"column":7}},"45":{"start":{"line":102,"column":8},"end":{"line":102,"column":17}},"46":{"start":{"line":106,"column":32},"end":{"line":109,"column":7}},"47":{"start":{"line":107,"column":8},"end":{"line":108,"column":69}},"48":{"start":{"line":112,"column":28},"end":{"line":115,"column":7}},"49":{"start":{"line":113,"column":8},"end":{"line":114,"column":64}},"50":{"start":{"line":117,"column":6},"end":{"line":124,"column":7}},"51":{"start":{"line":118,"column":23},"end":{"line":122,"column":9}},"52":{"start":{"line":123,"column":8},"end":{"line":123,"column":37}},"53":{"start":{"line":128,"column":2},"end":{"line":128,"column":38}}},"fnMap":{"0":{"name":"(anonymous_0)","decl":{"start":{"line":9,"column":29},"end":{"line":9,"column":30}},"loc":{"start":{"line":9,"column":49},"end":{"line":38,"column":1}},"line":9},"1":{"name":"(anonymous_1)","decl":{"start":{"line":43,"column":29},"end":{"line":43,"column":30}},"loc":{"start":{"line":43,"column":49},"end":{"line":67,"column":1}},"line":43},"2":{"name":"generateRecommendations","decl":{"start":{"line":70,"column":9},"end":{"line":70,"column":32}},"loc":{"start":{"line":70,"column":73},"end":{"line":129,"column":1}},"line":70},"3":{"name":"(anonymous_3)","decl":{"start":{"line":74,"column":41},"end":{"line":74,"column":42}},"loc":{"start":{"line":74,"column":56},"end":{"line":80,"column":3}},"line":74},"4":{"name":"(anonymous_4)","decl":{"start":{"line":106,"column":54},"end":{"line":106,"column":55}},"loc":{"start":{"line":107,"column":8},"end":{"line":108,"column":69}},"line":107},"5":{"name":"(anonymous_5)","decl":{"start":{"line":112,"column":45},"end":{"line":112,"column":46}},"loc":{"start":{"line":113,"column":8},"end":{"line":114,"column":64}},"line":113}},"branchMap":{"0":{"loc":{"start":{"line":12,"column":4},"end":{"line":14,"column":5}},"type":"if","locations":[{"start":{"line":12,"column":4},"end":{"line":14,"column":5}},{"start":{},"end":{}}],"line":12},"1":{"loc":{"start":{"line":17,"column":4},"end":{"line":19,"column":5}},"type":"if","locations":[{"start":{"line":17,"column":4},"end":{"line":19,"column":5}},{"start":{},"end":{}}],"line":17},"2":{"loc":{"start":{"line":25,"column":24},"end":{"line":25,"column":46}},"type":"binary-expr","locations":[{"start":{"line":25,"column":24},"end":{"line":25,"column":40}},{"start":{"line":25,"column":44},"end":{"line":25,"column":46}}],"line":25},"3":{"loc":{"start":{"line":46,"column":4},"end":{"line":48,"column":5}},"type":"if","locations":[{"start":{"line":46,"column":4},"end":{"line":48,"column":5}},{"start":{},"end":{}}],"line":46},"4":{"loc":{"start":{"line":75,"column":4},"end":{"line":77,"column":5}},"type":"if","locations":[{"start":{"line":75,"column":4},"end":{"line":77,"column":5}},{"start":{},"end":{}}],"line":75},"5":{"loc":{"start":{"line":83,"column":19},"end":{"line":83,"column":46}},"type":"binary-expr","locations":[{"start":{"line":83,"column":19},"end":{"line":83,"column":40}},{"start":{"line":83,"column":44},"end":{"line":83,"column":46}}],"line":83},"6":{"loc":{"start":{"line":84,"column":22},"end":{"line":84,"column":52}},"type":"binary-expr","locations":[{"start":{"line":84,"column":22},"end":{"line":84,"column":46}},{"start":{"line":84,"column":50},"end":{"line":84,"column":52}}],"line":84},"7":{"loc":{"start":{"line":85,"column":25},"end":{"line":85,"column":58}},"type":"binary-expr","locations":[{"start":{"line":85,"column":25},"end":{"line":85,"column":52}},{"start":{"line":85,"column":56},"end":{"line":85,"column":58}}],"line":85},"8":{"loc":{"start":{"line":86,"column":20},"end":{"line":86,"column":49}},"type":"binary-expr","locations":[{"start":{"line":86,"column":20},"end":{"line":86,"column":43}},{"start":{"line":86,"column":47},"end":{"line":86,"column":49}}],"line":86},"9":{"loc":{"start":{"line":92,"column":6},"end":{"line":96,"column":7}},"type":"if","locations":[{"start":{"line":92,"column":6},"end":{"line":96,"column":7}},{"start":{},"end":{}}],"line":92},"10":{"loc":{"start":{"line":92,"column":10},"end":{"line":94,"column":52}},"type":"binary-expr","locations":[{"start":{"line":92,"column":10},"end":{"line":92,"column":28}},{"start":{"line":93,"column":10},"end":{"line":93,"column":49}},{"start":{"line":94,"column":10},"end":{"line":94,"column":52}}],"line":92},"11":{"loc":{"start":{"line":99,"column":6},"end":{"line":103,"column":7}},"type":"if","locations":[{"start":{"line":99,"column":6},"end":{"line":103,"column":7}},{"start":{},"end":{}}],"line":99},"12":{"loc":{"start":{"line":99,"column":10},"end":{"line":101,"column":44}},"type":"binary-expr","locations":[{"start":{"line":99,"column":10},"end":{"line":99,"column":27}},{"start":{"line":100,"column":10},"end":{"line":100,"column":41}},{"start":{"line":101,"column":10},"end":{"line":101,"column":44}}],"line":99},"13":{"loc":{"start":{"line":107,"column":8},"end":{"line":108,"column":69}},"type":"binary-expr","locations":[{"start":{"line":107,"column":9},"end":{"line":107,"column":28}},{"start":{"line":107,"column":32},"end":{"line":107,"column":76}},{"start":{"line":108,"column":9},"end":{"line":108,"column":27}},{"start":{"line":108,"column":31},"end":{"line":108,"column":68}}],"line":107},"14":{"loc":{"start":{"line":113,"column":8},"end":{"line":114,"column":64}},"type":"binary-expr","locations":[{"start":{"line":113,"column":9},"end":{"line":113,"column":28}},{"start":{"line":113,"column":32},"end":{"line":113,"column":71}},{"start":{"line":114,"column":9},"end":{"line":114,"column":27}},{"start":{"line":114,"column":31},"end":{"line":114,"column":63}}],"line":113},"15":{"loc":{"start":{"line":117,"column":6},"end":{"line":124,"column":7}},"type":"if","locations":[{"start":{"line":117,"column":6},"end":{"line":124,"column":7}},{"start":{},"end":{}}],"line":117}},"s":{"0":1,"1":1,"2":1,"3":1,"4":1,"5":0,"6":0,"7":0,"8":0,"9":0,"10":0,"11":0,"12":0,"13":0,"14":0,"15":0,"16":0,"17":0,"18":0,"19":1,"20":0,"21":0,"22":0,"23":0,"24":0,"25":0,"26":0,"27":0,"28":0,"29":0,"30":0,"31":0,"32":0,"33":0,"34":0,"35":0,"36":0,"37":0,"38":0,"39":0,"40":0,"41":0,"42":0,"43":0,"44":0,"45":0,"46":0,"47":0,"48":0,"49":0,"50":0,"51":0,"52":0,"53":0},"f":{"0":0,"1":0,"2":0,"3":0,"4":0,"5":0},"b":{"0":[0,0],"1":[0,0],"2":[0,0],"3":[0,0],"4":[0,0],"5":[0,0],"6":[0,0],"7":[0,0],"8":[0,0],"9":[0,0],"10":[0,0,0],"11":[0,0],"12":[0,0,0],"13":[0,0,0,0],"14":[0,0,0,0],"15":[0,0]},"_coverageSchema":"1a1c01bbd47fc00a2c39e90264f33305004495a9","hash":"cf6f9c8a7190a13e9732f0858920a489b9522ebf"}
,"C:\\fullfile\\fulltry\\pro\\Backend\\controllers\\userController.js": {"path":"C:\\fullfile\\fulltry\\pro\\Backend\\controllers\\userController.js","statementMap":{"0":{"start":{"line":1,"column":29},"end":{"line":1,"column":57}},"1":{"start":{"line":2,"column":13},"end":{"line":2,"column":38}},"2":{"start":{"line":3,"column":17},"end":{"line":3,"column":46}},"3":{"start":{"line":4,"column":15},"end":{"line":4,"column":42}},"4":{"start":{"line":9,"column":0},"end":{"line":20,"column":2}},"5":{"start":{"line":10,"column":2},"end":{"line":19,"column":3}},"6":{"start":{"line":11,"column":17},"end":{"line":11,"column":69}},"7":{"start":{"line":12,"column":4},"end":{"line":14,"column":5}},"8":{"start":{"line":13,"column":6},"end":{"line":13,"column":61}},"9":{"start":{"line":15,"column":4},"end":{"line":15,"column":19}},"10":{"start":{"line":17,"column":4},"end":{"line":17,"column":31}},"11":{"start":{"line":18,"column":4},"end":{"line":18,"column":41}},"12":{"start":{"line":25,"column":0},"end":{"line":58,"column":2}},"13":{"start":{"line":26,"column":2},"end":{"line":57,"column":3}},"14":{"start":{"line":27,"column":19},"end":{"line":27,"column":40}},"15":{"start":{"line":28,"column":4},"end":{"line":30,"column":5}},"16":{"start":{"line":29,"column":6},"end":{"line":29,"column":62}},"17":{"start":{"line":32,"column":62},"end":{"line":32,"column":70}},"18":{"start":{"line":35,"column":26},"end":{"line":35,"column":28}},"19":{"start":{"line":36,"column":4},"end":{"line":36,"column":40}},"20":{"start":{"line":36,"column":14},"end":{"line":36,"column":40}},"21":{"start":{"line":37,"column":4},"end":{"line":37,"column":43}},"22":{"start":{"line":37,"column":15},"end":{"line":37,"column":43}},"23":{"start":{"line":38,"column":4},"end":{"line":38,"column":76}},"24":{"start":{"line":38,"column":26},"end":{"line":38,"column":76}},"25":{"start":{"line":39,"column":4},"end":{"line":39,"column":70}},"26":{"start":{"line":39,"column":24},"end":{"line":39,"column":70}},"27":{"start":{"line":41,"column":15},"end":{"line":41,"column":47}},"28":{"start":{"line":42,"column":4},"end":{"line":44,"column":5}},"29":{"start":{"line":43,"column":6},"end":{"line":43,"column":61}},"30":{"start":{"line":47,"column":4},"end":{"line":51,"column":26}},"31":{"start":{"line":53,"column":4},"end":{"line":53,"column":19}},"32":{"start":{"line":55,"column":4},"end":{"line":55,"column":31}},"33":{"start":{"line":56,"column":4},"end":{"line":56,"column":41}},"34":{"start":{"line":63,"column":0},"end":{"line":72,"column":2}},"35":{"start":{"line":64,"column":2},"end":{"line":71,"column":3}},"36":{"start":{"line":65,"column":21},"end":{"line":66,"column":30}},"37":{"start":{"line":67,"column":4},"end":{"line":67,"column":23}},"38":{"start":{"line":69,"column":4},"end":{"line":69,"column":31}},"39":{"start":{"line":70,"column":4},"end":{"line":70,"column":41}},"40":{"start":{"line":77,"column":0},"end":{"line":86,"column":2}},"41":{"start":{"line":78,"column":2},"end":{"line":85,"column":3}},"42":{"start":{"line":79,"column":20},"end":{"line":80,"column":30}},"43":{"start":{"line":81,"column":4},"end":{"line":81,"column":22}},"44":{"start":{"line":83,"column":4},"end":{"line":83,"column":31}},"45":{"start":{"line":84,"column":4},"end":{"line":84,"column":41}}},"fnMap":{"0":{"name":"(anonymous_0)","decl":{"start":{"line":9,"column":21},"end":{"line":9,"column":22}},"loc":{"start":{"line":9,"column":41},"end":{"line":20,"column":1}},"line":9},"1":{"name":"(anonymous_1)","decl":{"start":{"line":25,"column":24},"end":{"line":25,"column":25}},"loc":{"start":{"line":25,"column":44},"end":{"line":58,"column":1}},"line":25},"2":{"name":"(anonymous_2)","decl":{"start":{"line":63,"column":22},"end":{"line":63,"column":23}},"loc":{"start":{"line":63,"column":42},"end":{"line":72,"column":1}},"line":63},"3":{"name":"(anonymous_3)","decl":{"start":{"line":77,"column":21},"end":{"line":77,"column":22}},"loc":{"start":{"line":77,"column":41},"end":{"line":86,"column":1}},"line":77}},"branchMap":{"0":{"loc":{"start":{"line":12,"column":4},"end":{"line":14,"column":5}},"type":"if","locations":[{"start":{"line":12,"column":4},"end":{"line":14,"column":5}},{"start":{},"end":{}}],"line":12},"1":{"loc":{"start":{"line":28,"column":4},"end":{"line":30,"column":5}},"type":"if","locations":[{"start":{"line":28,"column":4},"end":{"line":30,"column":5}},{"start":{},"end":{}}],"line":28},"2":{"loc":{"start":{"line":36,"column":4},"end":{"line":36,"column":40}},"type":"if","locations":[{"start":{"line":36,"column":4},"end":{"line":36,"column":40}},{"start":{},"end":{}}],"line":36},"3":{"loc":{"start":{"line":37,"column":4},"end":{"line":37,"column":43}},"type":"if","locations":[{"start":{"line":37,"column":4},"end":{"line":37,"column":43}},{"start":{},"end":{}}],"line":37},"4":{"loc":{"start":{"line":38,"column":4},"end":{"line":38,"column":76}},"type":"if","locations":[{"start":{"line":38,"column":4},"end":{"line":38,"column":76}},{"start":{},"end":{}}],"line":38},"5":{"loc":{"start":{"line":39,"column":4},"end":{"line":39,"column":70}},"type":"if","locations":[{"start":{"line":39,"column":4},"end":{"line":39,"column":70}},{"start":{},"end":{}}],"line":39},"6":{"loc":{"start":{"line":42,"column":4},"end":{"line":44,"column":5}},"type":"if","locations":[{"start":{"line":42,"column":4},"end":{"line":44,"column":5}},{"start":{},"end":{}}],"line":42}},"s":{"0":1,"1":1,"2":1,"3":1,"4":1,"5":0,"6":0,"7":0,"8":0,"9":0,"10":0,"11":0,"12":1,"13":0,"14":0,"15":0,"16":0,"17":0,"18":0,"19":0,"20":0,"21":0,"22":0,"23":0,"24":0,"25":0,"26":0,"27":0,"28":0,"29":0,"30":0,"31":0,"32":0,"33":0,"34":1,"35":0,"36":0,"37":0,"38":0,"39":0,"40":1,"41":0,"42":0,"43":0,"44":0,"45":0},"f":{"0":0,"1":0,"2":0,"3":0},"b":{"0":[0,0],"1":[0,0],"2":[0,0],"3":[0,0],"4":[0,0],"5":[0,0],"6":[0,0]},"_coverageSchema":"1a1c01bbd47fc00a2c39e90264f33305004495a9","hash":"d5db30c1863079d5971802bb471afeb26624980f"}
,"C:\\fullfile\\fulltry\\pro\\Backend\\middleware\\auth.js": {"path":"C:\\fullfile\\fulltry\\pro\\Backend\\middleware\\auth.js","statementMap":{"0":{"start":{"line":1,"column":12},"end":{"line":1,"column":35}},"1":{"start":{"line":2,"column":13},"end":{"line":2,"column":38}},"2":{"start":{"line":4,"column":0},"end":{"line":32,"column":2}},"3":{"start":{"line":5,"column":2},"end":{"line":31,"column":3}},"4":{"start":{"line":7,"column":18},"end":{"line":7,"column":69}},"5":{"start":{"line":9,"column":4},"end":{"line":11,"column":5}},"6":{"start":{"line":10,"column":6},"end":{"line":10,"column":81}},"7":{"start":{"line":13,"column":4},"end":{"line":27,"column":5}},"8":{"start":{"line":15,"column":22},"end":{"line":15,"column":63}},"9":{"start":{"line":18,"column":19},"end":{"line":18,"column":70}},"10":{"start":{"line":19,"column":6},"end":{"line":21,"column":7}},"11":{"start":{"line":20,"column":8},"end":{"line":20,"column":71}},"12":{"start":{"line":23,"column":6},"end":{"line":23,"column":22}},"13":{"start":{"line":24,"column":6},"end":{"line":24,"column":13}},"14":{"start":{"line":26,"column":6},"end":{"line":26,"column":62}},"15":{"start":{"line":29,"column":4},"end":{"line":29,"column":25}},"16":{"start":{"line":30,"column":4},"end":{"line":30,"column":54}}},"fnMap":{"0":{"name":"(anonymous_0)","decl":{"start":{"line":4,"column":17},"end":{"line":4,"column":18}},"loc":{"start":{"line":4,"column":43},"end":{"line":32,"column":1}},"line":4}},"branchMap":{"0":{"loc":{"start":{"line":9,"column":4},"end":{"line":11,"column":5}},"type":"if","locations":[{"start":{"line":9,"column":4},"end":{"line":11,"column":5}},{"start":{},"end":{}}],"line":9},"1":{"loc":{"start":{"line":19,"column":6},"end":{"line":21,"column":7}},"type":"if","locations":[{"start":{"line":19,"column":6},"end":{"line":21,"column":7}},{"start":{},"end":{}}],"line":19}},"s":{"0":1,"1":1,"2":1,"3":10,"4":10,"5":10,"6":1,"7":9,"8":9,"9":9,"10":9,"11":0,"12":9,"13":9,"14":0,"15":0,"16":0},"f":{"0":10},"b":{"0":[1,9],"1":[0,9]},"_coverageSchema":"1a1c01bbd47fc00a2c39e90264f33305004495a9","hash":"2db8384fea24a77a0ab73499c504fcbae1cb40bd"}
,"C:\\fullfile\\fulltry\\pro\\Backend\\models\\Clothing.js": {"path":"C:\\fullfile\\fulltry\\pro\\Backend\\models\\Clothing.js","statementMap":{"0":{"start":{"line":1,"column":17},"end":{"line":1,"column":36}},"1":{"start":{"line":3,"column":23},"end":{"line":65,"column":2}},"2":{"start":{"line":67,"column":0},"end":{"line":67,"column":60}}},"fnMap":{},"branchMap":{},"s":{"0":1,"1":1,"2":1},"f":{},"b":{},"_coverageSchema":"1a1c01bbd47fc00a2c39e90264f33305004495a9","hash":"3ce747c981923c213a25a8c9011b9a61dbb6a3e3"}
,"C:\\fullfile\\fulltry\\pro\\Backend\\models\\Outfit.js": {"path":"C:\\fullfile\\fulltry\\pro\\Backend\\models\\Outfit.js","statementMap":{"0":{"start":{"line":1,"column":17},"end":{"line":1,"column":36}},"1":{"start":{"line":3,"column":21},"end":{"line":80,"column":2}},"2":{"start":{"line":83,"column":0},"end":{"line":86,"column":3}},"3":{"start":{"line":84,"column":2},"end":{"line":84,"column":30}},"4":{"start":{"line":85,"column":2},"end":{"line":85,"column":9}},"5":{"start":{"line":89,"column":0},"end":{"line":91,"column":3}},"6":{"start":{"line":90,"column":2},"end":{"line":90,"column":44}},"7":{"start":{"line":90,"column":32},"end":{"line":90,"column":42}},"8":{"start":{"line":94,"column":0},"end":{"line":96,"column":2}},"9":{"start":{"line":95,"column":2},"end":{"line":95,"column":42}},"10":{"start":{"line":99,"column":0},"end":{"line":101,"column":2}},"11":{"start":{"line":100,"column":2},"end":{"line":100,"column":69}},"12":{"start":{"line":103,"column":15},"end":{"line":103,"column":53}},"13":{"start":{"line":105,"column":0},"end":{"line":105,"column":24}}},"fnMap":{"0":{"name":"(anonymous_0)","decl":{"start":{"line":83,"column":25},"end":{"line":83,"column":26}},"loc":{"start":{"line":83,"column":40},"end":{"line":86,"column":1}},"line":83},"1":{"name":"(anonymous_1)","decl":{"start":{"line":89,"column":35},"end":{"line":89,"column":36}},"loc":{"start":{"line":89,"column":46},"end":{"line":91,"column":1}},"line":89},"2":{"name":"(anonymous_2)","decl":{"start":{"line":90,"column":24},"end":{"line":90,"column":25}},"loc":{"start":{"line":90,"column":32},"end":{"line":90,"column":42}},"line":90},"3":{"name":"(anonymous_3)","decl":{"start":{"line":94,"column":37},"end":{"line":94,"column":38}},"loc":{"start":{"line":94,"column":56},"end":{"line":96,"column":1}},"line":94},"4":{"name":"(anonymous_4)","decl":{"start":{"line":99,"column":43},"end":{"line":99,"column":44}},"loc":{"start":{"line":99,"column":60},"end":{"line":101,"column":1}},"line":99}},"branchMap":{"0":{"loc":{"start":{"line":100,"column":9},"end":{"line":100,"column":68}},"type":"binary-expr","locations":[{"start":{"line":100,"column":9},"end":{"line":100,"column":36}},{"start":{"line":100,"column":40},"end":{"line":100,"column":68}}],"line":100}},"s":{"0":1,"1":1,"2":1,"3":0,"4":0,"5":1,"6":0,"7":0,"8":1,"9":0,"10":1,"11":0,"12":1,"13":1},"f":{"0":0,"1":0,"2":0,"3":0,"4":0},"b":{"0":[0,0]},"_coverageSchema":"1a1c01bbd47fc00a2c39e90264f33305004495a9","hash":"8b416d3f33bac4d848b82556213fa55f0112a160"}
,"C:\\fullfile\\fulltry\\pro\\Backend\\models\\User.js": {"path":"C:\\fullfile\\fulltry\\pro\\Backend\\models\\User.js","statementMap":{"0":{"start":{"line":1,"column":17},"end":{"line":1,"column":36}},"1":{"start":{"line":2,"column":15},"end":{"line":2,"column":34}},"2":{"start":{"line":4,"column":19},"end":{"line":56,"column":2}},"3":{"start":{"line":59,"column":0},"end":{"line":69,"column":3}},"4":{"start":{"line":60,"column":2},"end":{"line":60,"column":50}},"5":{"start":{"line":60,"column":36},"end":{"line":60,"column":50}},"6":{"start":{"line":62,"column":2},"end":{"line":68,"column":3}},"7":{"start":{"line":63,"column":17},"end":{"line":63,"column":41}},"8":{"start":{"line":64,"column":4},"end":{"line":64,"column":59}},"9":{"start":{"line":65,"column":4},"end":{"line":65,"column":11}},"10":{"start":{"line":67,"column":4},"end":{"line":67,"column":16}},"11":{"start":{"line":72,"column":0},"end":{"line":74,"column":2}},"12":{"start":{"line":73,"column":2},"end":{"line":73,"column":58}},"13":{"start":{"line":76,"column":13},"end":{"line":76,"column":47}},"14":{"start":{"line":78,"column":0},"end":{"line":78,"column":22}}},"fnMap":{"0":{"name":"(anonymous_0)","decl":{"start":{"line":59,"column":23},"end":{"line":59,"column":24}},"loc":{"start":{"line":59,"column":44},"end":{"line":69,"column":1}},"line":59},"1":{"name":"(anonymous_1)","decl":{"start":{"line":72,"column":37},"end":{"line":72,"column":38}},"loc":{"start":{"line":72,"column":71},"end":{"line":74,"column":1}},"line":72}},"branchMap":{"0":{"loc":{"start":{"line":60,"column":2},"end":{"line":60,"column":50}},"type":"if","locations":[{"start":{"line":60,"column":2},"end":{"line":60,"column":50}},{"start":{},"end":{}}],"line":60}},"s":{"0":1,"1":1,"2":1,"3":1,"4":10,"5":0,"6":10,"7":10,"8":10,"9":10,"10":0,"11":1,"12":0,"13":1,"14":1},"f":{"0":10,"1":0},"b":{"0":[0,10]},"_coverageSchema":"1a1c01bbd47fc00a2c39e90264f33305004495a9","hash":"c3dc18cd1a20cb594d5108a5dcccc516a5f47e71"}
,"C:\\fullfile\\fulltry\\pro\\Backend\\routes\\auth.js": {"path":"C:\\fullfile\\fulltry\\pro\\Backend\\routes\\auth.js","statementMap":{"0":{"start":{"line":1,"column":16},"end":{"line":1,"column":34}},"1":{"start":{"line":2,"column":15},"end":{"line":2,"column":31}},"2":{"start":{"line":3,"column":18},"end":{"line":3,"column":46}},"3":{"start":{"line":4,"column":23},"end":{"line":4,"column":63}},"4":{"start":{"line":5,"column":13},"end":{"line":5,"column":42}},"5":{"start":{"line":10,"column":0},"end":{"line":18,"column":2}},"6":{"start":{"line":23,"column":0},"end":{"line":30,"column":2}},"7":{"start":{"line":35,"column":0},"end":{"line":35,"column":46}},"8":{"start":{"line":40,"column":0},"end":{"line":40,"column":59}},"9":{"start":{"line":42,"column":0},"end":{"line":42,"column":24}},"10":{"start":{"line":43,"column":0},"end":{"line":43,"column":24}}},"fnMap":{},"branchMap":{},"s":{"0":1,"1":1,"2":1,"3":1,"4":1,"5":1,"6":1,"7":1,"8":1,"9":1,"10":1},"f":{},"b":{},"_coverageSchema":"1a1c01bbd47fc00a2c39e90264f33305004495a9","hash":"fbee7a5c3255579f08d21b39affb5cd0cb55328c"}
,"C:\\fullfile\\fulltry\\pro\\Backend\\routes\\clothing.js": {"path":"C:\\fullfile\\fulltry\\pro\\Backend\\routes\\clothing.js","statementMap":{"0":{"start":{"line":1,"column":16},"end":{"line":1,"column":34}},"1":{"start":{"line":2,"column":15},"end":{"line":2,"column":31}},"2":{"start":{"line":3,"column":18},"end":{"line":3,"column":46}},"3":{"start":{"line":4,"column":13},"end":{"line":4,"column":42}},"4":{"start":{"line":13,"column":4},"end":{"line":13,"column":48}},"5":{"start":{"line":18,"column":0},"end":{"line":18,"column":35}},"6":{"start":{"line":23,"column":0},"end":{"line":23,"column":45}},"7":{"start":{"line":28,"column":0},"end":{"line":28,"column":51}},"8":{"start":{"line":33,"column":0},"end":{"line":33,"column":42}},"9":{"start":{"line":38,"column":0},"end":{"line":50,"column":2}},"10":{"start":{"line":55,"column":0},"end":{"line":55,"column":41}},"11":{"start":{"line":60,"column":0},"end":{"line":60,"column":44}},"12":{"start":{"line":62,"column":0},"end":{"line":62,"column":24}}},"fnMap":{},"branchMap":{},"s":{"0":1,"1":1,"2":1,"3":1,"4":1,"5":1,"6":1,"7":1,"8":1,"9":1,"10":1,"11":1,"12":1},"f":{},"b":{},"_coverageSchema":"1a1c01bbd47fc00a2c39e90264f33305004495a9","hash":"0a19870677835d45f4a660ac05a0c024e56b219a"}
,"C:\\fullfile\\fulltry\\pro\\Backend\\routes\\outfits.js": {"path":"C:\\fullfile\\fulltry\\pro\\Backend\\routes\\outfits.js","statementMap":{"0":{"start":{"line":1,"column":16},"end":{"line":1,"column":34}},"1":{"start":{"line":2,"column":15},"end":{"line":2,"column":31}},"2":{"start":{"line":3,"column":35},"end":{"line":3,"column":63}},"3":{"start":{"line":4,"column":13},"end":{"line":4,"column":42}},"4":{"start":{"line":7,"column":15},"end":{"line":7,"column":42}},"5":{"start":{"line":12,"column":0},"end":{"line":49,"column":2}},"6":{"start":{"line":25,"column":19},"end":{"line":25,"column":40}},"7":{"start":{"line":26,"column":4},"end":{"line":28,"column":5}},"8":{"start":{"line":27,"column":6},"end":{"line":27,"column":62}},"9":{"start":{"line":30,"column":4},"end":{"line":47,"column":5}},"10":{"start":{"line":31,"column":24},"end":{"line":40,"column":8}},"11":{"start":{"line":42,"column":21},"end":{"line":42,"column":43}},"12":{"start":{"line":43,"column":6},"end":{"line":43,"column":23}},"13":{"start":{"line":45,"column":6},"end":{"line":45,"column":33}},"14":{"start":{"line":46,"column":6},"end":{"line":46,"column":43}},"15":{"start":{"line":54,"column":0},"end":{"line":62,"column":3}},"16":{"start":{"line":55,"column":2},"end":{"line":61,"column":3}},"17":{"start":{"line":56,"column":20},"end":{"line":56,"column":76}},"18":{"start":{"line":57,"column":4},"end":{"line":57,"column":22}},"19":{"start":{"line":59,"column":4},"end":{"line":59,"column":31}},"20":{"start":{"line":60,"column":4},"end":{"line":60,"column":41}},"21":{"start":{"line":67,"column":0},"end":{"line":83,"column":3}},"22":{"start":{"line":68,"column":2},"end":{"line":82,"column":3}},"23":{"start":{"line":69,"column":19},"end":{"line":69,"column":55}},"24":{"start":{"line":71,"column":4},"end":{"line":73,"column":5}},"25":{"start":{"line":72,"column":6},"end":{"line":72,"column":63}},"26":{"start":{"line":75,"column":4},"end":{"line":75,"column":21}},"27":{"start":{"line":77,"column":4},"end":{"line":77,"column":31}},"28":{"start":{"line":78,"column":4},"end":{"line":80,"column":5}},"29":{"start":{"line":79,"column":6},"end":{"line":79,"column":63}},"30":{"start":{"line":81,"column":4},"end":{"line":81,"column":41}},"31":{"start":{"line":88,"column":0},"end":{"line":115,"column":3}},"32":{"start":{"line":89,"column":2},"end":{"line":114,"column":3}},"33":{"start":{"line":90,"column":17},"end":{"line":90,"column":53}},"34":{"start":{"line":92,"column":4},"end":{"line":94,"column":5}},"35":{"start":{"line":93,"column":6},"end":{"line":93,"column":63}},"36":{"start":{"line":97,"column":4},"end":{"line":99,"column":5}},"37":{"start":{"line":98,"column":6},"end":{"line":98,"column":66}},"38":{"start":{"line":101,"column":4},"end":{"line":105,"column":6}},"39":{"start":{"line":107,"column":4},"end":{"line":107,"column":21}},"40":{"start":{"line":109,"column":4},"end":{"line":109,"column":31}},"41":{"start":{"line":110,"column":4},"end":{"line":112,"column":5}},"42":{"start":{"line":111,"column":6},"end":{"line":111,"column":63}},"43":{"start":{"line":113,"column":4},"end":{"line":113,"column":41}},"44":{"start":{"line":120,"column":0},"end":{"line":142,"column":3}},"45":{"start":{"line":121,"column":2},"end":{"line":141,"column":3}},"46":{"start":{"line":122,"column":19},"end":{"line":122,"column":55}},"47":{"start":{"line":124,"column":4},"end":{"line":126,"column":5}},"48":{"start":{"line":125,"column":6},"end":{"line":125,"column":63}},"49":{"start":{"line":129,"column":4},"end":{"line":131,"column":5}},"50":{"start":{"line":130,"column":6},"end":{"line":130,"column":66}},"51":{"start":{"line":133,"column":4},"end":{"line":133,"column":29}},"52":{"start":{"line":134,"column":4},"end":{"line":134,"column":40}},"53":{"start":{"line":136,"column":4},"end":{"line":136,"column":31}},"54":{"start":{"line":137,"column":4},"end":{"line":139,"column":5}},"55":{"start":{"line":138,"column":6},"end":{"line":138,"column":63}},"56":{"start":{"line":140,"column":4},"end":{"line":140,"column":41}},"57":{"start":{"line":144,"column":0},"end":{"line":144,"column":24}}},"fnMap":{"0":{"name":"(anonymous_0)","decl":{"start":{"line":24,"column":2},"end":{"line":24,"column":3}},"loc":{"start":{"line":24,"column":22},"end":{"line":48,"column":3}},"line":24},"1":{"name":"(anonymous_1)","decl":{"start":{"line":54,"column":16},"end":{"line":54,"column":17}},"loc":{"start":{"line":54,"column":36},"end":{"line":62,"column":1}},"line":54},"2":{"name":"(anonymous_2)","decl":{"start":{"line":67,"column":19},"end":{"line":67,"column":20}},"loc":{"start":{"line":67,"column":39},"end":{"line":83,"column":1}},"line":67},"3":{"name":"(anonymous_3)","decl":{"start":{"line":88,"column":25},"end":{"line":88,"column":26}},"loc":{"start":{"line":88,"column":45},"end":{"line":115,"column":1}},"line":88},"4":{"name":"(anonymous_4)","decl":{"start":{"line":120,"column":28},"end":{"line":120,"column":29}},"loc":{"start":{"line":120,"column":48},"end":{"line":142,"column":1}},"line":120}},"branchMap":{"0":{"loc":{"start":{"line":26,"column":4},"end":{"line":28,"column":5}},"type":"if","locations":[{"start":{"line":26,"column":4},"end":{"line":28,"column":5}},{"start":{},"end":{}}],"line":26},"1":{"loc":{"start":{"line":39,"column":18},"end":{"line":39,"column":44}},"type":"binary-expr","locations":[{"start":{"line":39,"column":18},"end":{"line":39,"column":35}},{"start":{"line":39,"column":39},"end":{"line":39,"column":44}}],"line":39},"2":{"loc":{"start":{"line":71,"column":4},"end":{"line":73,"column":5}},"type":"if","locations":[{"start":{"line":71,"column":4},"end":{"line":73,"column":5}},{"start":{},"end":{}}],"line":71},"3":{"loc":{"start":{"line":78,"column":4},"end":{"line":80,"column":5}},"type":"if","locations":[{"start":{"line":78,"column":4},"end":{"line":80,"column":5}},{"start":{},"end":{}}],"line":78},"4":{"loc":{"start":{"line":92,"column":4},"end":{"line":94,"column":5}},"type":"if","locations":[{"start":{"line":92,"column":4},"end":{"line":94,"column":5}},{"start":{},"end":{}}],"line":92},"5":{"loc":{"start":{"line":97,"column":4},"end":{"line":99,"column":5}},"type":"if","locations":[{"start":{"line":97,"column":4},"end":{"line":99,"column":5}},{"start":{},"end":{}}],"line":97},"6":{"loc":{"start":{"line":110,"column":4},"end":{"line":112,"column":5}},"type":"if","locations":[{"start":{"line":110,"column":4},"end":{"line":112,"column":5}},{"start":{},"end":{}}],"line":110},"7":{"loc":{"start":{"line":124,"column":4},"end":{"line":126,"column":5}},"type":"if","locations":[{"start":{"line":124,"column":4},"end":{"line":126,"column":5}},{"start":{},"end":{}}],"line":124},"8":{"loc":{"start":{"line":129,"column":4},"end":{"line":131,"column":5}},"type":"if","locations":[{"start":{"line":129,"column":4},"end":{"line":131,"column":5}},{"start":{},"end":{}}],"line":129},"9":{"loc":{"start":{"line":137,"column":4},"end":{"line":139,"column":5}},"type":"if","locations":[{"start":{"line":137,"column":4},"end":{"line":139,"column":5}},{"start":{},"end":{}}],"line":137}},"s":{"0":1,"1":1,"2":1,"3":1,"4":1,"5":1,"6":0,"7":0,"8":0,"9":0,"10":0,"11":0,"12":0,"13":0,"14":0,"15":1,"16":0,"17":0,"18":0,"19":0,"20":0,"21":1,"22":0,"23":0,"24":0,"25":0,"26":0,"27":0,"28":0,"29":0,"30":0,"31":1,"32":0,"33":0,"34":0,"35":0,"36":0,"37":0,"38":0,"39":0,"40":0,"41":0,"42":0,"43":0,"44":1,"45":0,"46":0,"47":0,"48":0,"49":0,"50":0,"51":0,"52":0,"53":0,"54":0,"55":0,"56":0,"57":1},"f":{"0":0,"1":0,"2":0,"3":0,"4":0},"b":{"0":[0,0],"1":[0,0],"2":[0,0],"3":[0,0],"4":[0,0],"5":[0,0],"6":[0,0],"7":[0,0],"8":[0,0],"9":[0,0]},"_coverageSchema":"1a1c01bbd47fc00a2c39e90264f33305004495a9","hash":"236c9e6fc375b316a1afd118e0bbac8095109299"}
,"C:\\fullfile\\fulltry\\pro\\Backend\\routes\\recommendations.js": {"path":"C:\\fullfile\\fulltry\\pro\\Backend\\routes\\recommendations.js","statementMap":{"0":{"start":{"line":1,"column":16},"end":{"line":1,"column":34}},"1":{"start":{"line":2,"column":15},"end":{"line":2,"column":31}},"2":{"start":{"line":3,"column":18},"end":{"line":3,"column":46}},"3":{"start":{"line":4,"column":13},"end":{"line":4,"column":42}},"4":{"start":{"line":5,"column":33},"end":{"line":5,"column":83}},"5":{"start":{"line":8,"column":15},"end":{"line":8,"column":42}},"6":{"start":{"line":9,"column":13},"end":{"line":9,"column":38}},"7":{"start":{"line":14,"column":0},"end":{"line":14,"column":67}},"8":{"start":{"line":19,"column":0},"end":{"line":31,"column":2}},"9":{"start":{"line":36,"column":0},"end":{"line":51,"column":3}},"10":{"start":{"line":37,"column":2},"end":{"line":50,"column":3}},"11":{"start":{"line":38,"column":22},"end":{"line":38,"column":32}},"12":{"start":{"line":41,"column":20},"end":{"line":44,"column":35}},"13":{"start":{"line":46,"column":4},"end":{"line":46,"column":22}},"14":{"start":{"line":48,"column":4},"end":{"line":48,"column":31}},"15":{"start":{"line":49,"column":4},"end":{"line":49,"column":41}},"16":{"start":{"line":56,"column":0},"end":{"line":71,"column":3}},"17":{"start":{"line":57,"column":2},"end":{"line":70,"column":3}},"18":{"start":{"line":58,"column":22},"end":{"line":58,"column":32}},"19":{"start":{"line":61,"column":20},"end":{"line":64,"column":35}},"20":{"start":{"line":66,"column":4},"end":{"line":66,"column":22}},"21":{"start":{"line":68,"column":4},"end":{"line":68,"column":31}},"22":{"start":{"line":69,"column":4},"end":{"line":69,"column":41}},"23":{"start":{"line":76,"column":0},"end":{"line":91,"column":3}},"24":{"start":{"line":77,"column":2},"end":{"line":90,"column":3}},"25":{"start":{"line":78,"column":25},"end":{"line":78,"column":35}},"26":{"start":{"line":81,"column":20},"end":{"line":84,"column":35}},"27":{"start":{"line":86,"column":4},"end":{"line":86,"column":22}},"28":{"start":{"line":88,"column":4},"end":{"line":88,"column":31}},"29":{"start":{"line":89,"column":4},"end":{"line":89,"column":41}},"30":{"start":{"line":93,"column":0},"end":{"line":93,"column":24}}},"fnMap":{"0":{"name":"(anonymous_0)","decl":{"start":{"line":36,"column":28},"end":{"line":36,"column":29}},"loc":{"start":{"line":36,"column":48},"end":{"line":51,"column":1}},"line":36},"1":{"name":"(anonymous_1)","decl":{"start":{"line":56,"column":28},"end":{"line":56,"column":29}},"loc":{"start":{"line":56,"column":48},"end":{"line":71,"column":1}},"line":56},"2":{"name":"(anonymous_2)","decl":{"start":{"line":76,"column":34},"end":{"line":76,"column":35}},"loc":{"start":{"line":76,"column":54},"end":{"line":91,"column":1}},"line":76}},"branchMap":{},"s":{"0":1,"1":1,"2":1,"3":1,"4":1,"5":1,"6":1,"7":1,"8":1,"9":1,"10":0,"11":0,"12":0,"13":0,"14":0,"15":0,"16":1,"17":0,"18":0,"19":0,"20":0,"21":0,"22":0,"23":1,"24":0,"25":0,"26":0,"27":0,"28":0,"29":0,"30":1},"f":{"0":0,"1":0,"2":0},"b":{},"_coverageSchema":"1a1c01bbd47fc00a2c39e90264f33305004495a9","hash":"121969f3d0c68e5c7916d3567b14ecb2a19b4901"}
,"C:\\fullfile\\fulltry\\pro\\Backend\\routes\\users.js": {"path":"C:\\fullfile\\fulltry\\pro\\Backend\\routes\\users.js","statementMap":{"0":{"start":{"line":1,"column":16},"end":{"line":1,"column":34}},"1":{"start":{"line":2,"column":15},"end":{"line":2,"column":31}},"2":{"start":{"line":3,"column":18},"end":{"line":3,"column":46}},"3":{"start":{"line":4,"column":13},"end":{"line":4,"column":42}},"4":{"start":{"line":5,"column":23},"end":{"line":5,"column":63}},"5":{"start":{"line":10,"column":0},"end":{"line":10,"column":56}},"6":{"start":{"line":15,"column":0},"end":{"line":27,"column":2}},"7":{"start":{"line":32,"column":0},"end":{"line":32,"column":58}},"8":{"start":{"line":37,"column":0},"end":{"line":37,"column":56}},"9":{"start":{"line":39,"column":0},"end":{"line":39,"column":24}}},"fnMap":{},"branchMap":{},"s":{"0":1,"1":1,"2":1,"3":1,"4":1,"5":1,"6":1,"7":1,"8":1,"9":1},"f":{},"b":{},"_coverageSchema":"1a1c01bbd47fc00a2c39e90264f33305004495a9","hash":"1cde13823b212a6d2d60ad96071cb48ea9ec31cd"}
}
